2023-08-23 19:55:42,655 [main] ERROR i.g.bonigarcia.wdm.online.HttpClient - Error HTTP 404 executing https://chromedriver.storage.googleapis.com/LATEST_RELEASE_115
2023-08-23 19:55:42,660 [main] WARN  i.g.b.wdm.versions.VersionDetector - Exception reading https://chromedriver.storage.googleapis.com/LATEST_RELEASE_115 to get latest version of chromedriver (Error HTTP 404 executing https://chromedriver.storage.googleapis.com/LATEST_RELEASE_115)
2023-08-23 19:55:42,862 [main] INFO  i.g.bonigarcia.wdm.WebDriverManager - Exporting webdriver.chrome.driver as C:\Users\Francisca Valenzuela\.cache\selenium\chromedriver\win32\114.0.5735.90\chromedriver.exe
2023-08-23 19:59:44,652 [main] ERROR i.g.bonigarcia.wdm.online.HttpClient - Error HTTP 404 executing https://chromedriver.storage.googleapis.com/LATEST_RELEASE_115
2023-08-23 19:59:44,658 [main] WARN  i.g.b.wdm.versions.VersionDetector - Exception reading https://chromedriver.storage.googleapis.com/LATEST_RELEASE_115 to get latest version of chromedriver (Error HTTP 404 executing https://chromedriver.storage.googleapis.com/LATEST_RELEASE_115)
2023-08-23 19:59:44,807 [main] INFO  i.g.bonigarcia.wdm.WebDriverManager - Exporting webdriver.chrome.driver as C:\Users\Francisca Valenzuela\.cache\selenium\chromedriver\win32\114.0.5735.90\chromedriver.exe
2023-08-23 20:01:41,783 [main] ERROR i.g.bonigarcia.wdm.online.HttpClient - Error HTTP 404 executing https://chromedriver.storage.googleapis.com/LATEST_RELEASE_115
2023-08-23 20:01:41,785 [main] WARN  i.g.b.wdm.versions.VersionDetector - Exception reading https://chromedriver.storage.googleapis.com/LATEST_RELEASE_115 to get latest version of chromedriver (Error HTTP 404 executing https://chromedriver.storage.googleapis.com/LATEST_RELEASE_115)
2023-08-23 20:01:41,862 [main] INFO  i.g.bonigarcia.wdm.WebDriverManager - Exporting webdriver.chrome.driver as C:\Users\Francisca Valenzuela\.cache\selenium\chromedriver\win32\114.0.5735.90\chromedriver.exe
2023-08-23 20:02:36,344 [main] ERROR i.g.bonigarcia.wdm.online.HttpClient - Error HTTP 404 executing https://chromedriver.storage.googleapis.com/LATEST_RELEASE_115
2023-08-23 20:02:36,349 [main] WARN  i.g.b.wdm.versions.VersionDetector - Exception reading https://chromedriver.storage.googleapis.com/LATEST_RELEASE_115 to get latest version of chromedriver (Error HTTP 404 executing https://chromedriver.storage.googleapis.com/LATEST_RELEASE_115)
2023-08-23 20:02:36,464 [main] INFO  i.g.bonigarcia.wdm.WebDriverManager - Exporting webdriver.chrome.driver as C:\Users\Francisca Valenzuela\.cache\selenium\chromedriver\win32\114.0.5735.90\chromedriver.exe
2023-08-23 20:36:08,117 [main] ERROR i.g.bonigarcia.wdm.online.HttpClient - Error HTTP 404 executing https://chromedriver.storage.googleapis.com/LATEST_RELEASE_115
2023-08-23 20:36:08,119 [main] WARN  i.g.b.wdm.versions.VersionDetector - Exception reading https://chromedriver.storage.googleapis.com/LATEST_RELEASE_115 to get latest version of chromedriver (Error HTTP 404 executing https://chromedriver.storage.googleapis.com/LATEST_RELEASE_115)
2023-08-23 20:36:08,194 [main] INFO  i.g.bonigarcia.wdm.WebDriverManager - Exporting webdriver.chrome.driver as C:\Users\Francisca Valenzuela\.cache\selenium\chromedriver\win32\114.0.5735.90\chromedriver.exe
2023-08-23 20:39:04,349 [main] ERROR i.g.bonigarcia.wdm.online.HttpClient - Error HTTP 404 executing https://chromedriver.storage.googleapis.com/LATEST_RELEASE_115
2023-08-23 20:39:04,351 [main] WARN  i.g.b.wdm.versions.VersionDetector - Exception reading https://chromedriver.storage.googleapis.com/LATEST_RELEASE_115 to get latest version of chromedriver (Error HTTP 404 executing https://chromedriver.storage.googleapis.com/LATEST_RELEASE_115)
2023-08-23 20:39:04,429 [main] INFO  i.g.bonigarcia.wdm.WebDriverManager - Exporting webdriver.chrome.driver as C:\Users\Francisca Valenzuela\.cache\selenium\chromedriver\win32\114.0.5735.90\chromedriver.exe
2023-08-23 20:48:40,969 [main] ERROR i.g.bonigarcia.wdm.online.HttpClient - Error HTTP 404 executing https://chromedriver.storage.googleapis.com/LATEST_RELEASE_115
2023-08-23 20:48:40,973 [main] WARN  i.g.b.wdm.versions.VersionDetector - Exception reading https://chromedriver.storage.googleapis.com/LATEST_RELEASE_115 to get latest version of chromedriver (Error HTTP 404 executing https://chromedriver.storage.googleapis.com/LATEST_RELEASE_115)
2023-08-23 20:48:41,096 [main] INFO  i.g.bonigarcia.wdm.WebDriverManager - Exporting webdriver.chrome.driver as C:\Users\Francisca Valenzuela\.cache\selenium\chromedriver\win32\114.0.5735.90\chromedriver.exe
2023-08-23 21:23:36,233 [main] ERROR i.g.bonigarcia.wdm.online.HttpClient - Error HTTP 404 executing https://chromedriver.storage.googleapis.com/LATEST_RELEASE_115
2023-08-23 21:23:36,237 [main] WARN  i.g.b.wdm.versions.VersionDetector - Exception reading https://chromedriver.storage.googleapis.com/LATEST_RELEASE_115 to get latest version of chromedriver (Error HTTP 404 executing https://chromedriver.storage.googleapis.com/LATEST_RELEASE_115)
2023-08-23 21:23:36,624 [main] INFO  i.g.bonigarcia.wdm.WebDriverManager - Exporting webdriver.chrome.driver as C:\Users\Francisca Valenzuela\.cache\selenium\chromedriver\win32\114.0.5735.90\chromedriver.exe
2023-08-23 21:26:06,534 [main] ERROR i.g.bonigarcia.wdm.online.HttpClient - Error HTTP 404 executing https://chromedriver.storage.googleapis.com/LATEST_RELEASE_115
2023-08-23 21:26:06,536 [main] WARN  i.g.b.wdm.versions.VersionDetector - Exception reading https://chromedriver.storage.googleapis.com/LATEST_RELEASE_115 to get latest version of chromedriver (Error HTTP 404 executing https://chromedriver.storage.googleapis.com/LATEST_RELEASE_115)
2023-08-23 21:26:06,654 [main] INFO  i.g.bonigarcia.wdm.WebDriverManager - Exporting webdriver.chrome.driver as C:\Users\Francisca Valenzuela\.cache\selenium\chromedriver\win32\114.0.5735.90\chromedriver.exe
2023-08-23 21:31:53,164 [main] ERROR i.g.bonigarcia.wdm.online.HttpClient - Error HTTP 404 executing https://chromedriver.storage.googleapis.com/LATEST_RELEASE_115
2023-08-23 21:31:53,168 [main] WARN  i.g.b.wdm.versions.VersionDetector - Exception reading https://chromedriver.storage.googleapis.com/LATEST_RELEASE_115 to get latest version of chromedriver (Error HTTP 404 executing https://chromedriver.storage.googleapis.com/LATEST_RELEASE_115)
2023-08-23 21:31:53,392 [main] INFO  i.g.bonigarcia.wdm.WebDriverManager - Exporting webdriver.chrome.driver as C:\Users\Francisca Valenzuela\.cache\selenium\chromedriver\win32\114.0.5735.90\chromedriver.exe
2023-08-23 21:32:43,440 [main] ERROR i.g.bonigarcia.wdm.online.HttpClient - Error HTTP 404 executing https://chromedriver.storage.googleapis.com/LATEST_RELEASE_115
2023-08-23 21:32:43,449 [main] WARN  i.g.b.wdm.versions.VersionDetector - Exception reading https://chromedriver.storage.googleapis.com/LATEST_RELEASE_115 to get latest version of chromedriver (Error HTTP 404 executing https://chromedriver.storage.googleapis.com/LATEST_RELEASE_115)
2023-08-23 21:32:43,558 [main] INFO  i.g.bonigarcia.wdm.WebDriverManager - Exporting webdriver.chrome.driver as C:\Users\Francisca Valenzuela\.cache\selenium\chromedriver\win32\114.0.5735.90\chromedriver.exe
2023-08-25 14:09:56,612 [main] ERROR i.g.bonigarcia.wdm.online.HttpClient - Error HTTP 404 executing https://chromedriver.storage.googleapis.com/LATEST_RELEASE_115
2023-08-25 14:09:56,616 [main] WARN  i.g.b.wdm.versions.VersionDetector - Exception reading https://chromedriver.storage.googleapis.com/LATEST_RELEASE_115 to get latest version of chromedriver (Error HTTP 404 executing https://chromedriver.storage.googleapis.com/LATEST_RELEASE_115)
2023-08-25 14:09:56,701 [main] INFO  i.g.bonigarcia.wdm.WebDriverManager - Exporting webdriver.chrome.driver as C:\Users\Francisca Valenzuela\.cache\selenium\chromedriver\win32\114.0.5735.90\chromedriver.exe
2023-08-25 14:25:23,032 [main] ERROR i.g.bonigarcia.wdm.online.HttpClient - Error HTTP 404 executing https://chromedriver.storage.googleapis.com/LATEST_RELEASE_115
2023-08-25 14:25:23,035 [main] WARN  i.g.b.wdm.versions.VersionDetector - Exception reading https://chromedriver.storage.googleapis.com/LATEST_RELEASE_115 to get latest version of chromedriver (Error HTTP 404 executing https://chromedriver.storage.googleapis.com/LATEST_RELEASE_115)
2023-08-25 14:25:23,127 [main] INFO  i.g.bonigarcia.wdm.WebDriverManager - Exporting webdriver.chrome.driver as C:\Users\Francisca Valenzuela\.cache\selenium\chromedriver\win32\114.0.5735.90\chromedriver.exe
2023-08-25 14:26:47,401 [main] ERROR i.g.bonigarcia.wdm.online.HttpClient - Error HTTP 404 executing https://chromedriver.storage.googleapis.com/LATEST_RELEASE_115
2023-08-25 14:26:47,403 [main] WARN  i.g.b.wdm.versions.VersionDetector - Exception reading https://chromedriver.storage.googleapis.com/LATEST_RELEASE_115 to get latest version of chromedriver (Error HTTP 404 executing https://chromedriver.storage.googleapis.com/LATEST_RELEASE_115)
2023-08-25 14:26:47,466 [main] INFO  i.g.bonigarcia.wdm.WebDriverManager - Exporting webdriver.chrome.driver as C:\Users\Francisca Valenzuela\.cache\selenium\chromedriver\win32\114.0.5735.90\chromedriver.exe
2023-08-25 14:29:03,825 [main] ERROR i.g.bonigarcia.wdm.online.HttpClient - Error HTTP 404 executing https://chromedriver.storage.googleapis.com/LATEST_RELEASE_115
2023-08-25 14:29:03,829 [main] WARN  i.g.b.wdm.versions.VersionDetector - Exception reading https://chromedriver.storage.googleapis.com/LATEST_RELEASE_115 to get latest version of chromedriver (Error HTTP 404 executing https://chromedriver.storage.googleapis.com/LATEST_RELEASE_115)
2023-08-25 14:29:03,912 [main] INFO  i.g.bonigarcia.wdm.WebDriverManager - Exporting webdriver.chrome.driver as C:\Users\Francisca Valenzuela\.cache\selenium\chromedriver\win32\114.0.5735.90\chromedriver.exe
2023-08-25 14:34:52,525 [main] ERROR i.g.bonigarcia.wdm.online.HttpClient - Error HTTP 404 executing https://chromedriver.storage.googleapis.com/LATEST_RELEASE_115
2023-08-25 14:34:52,529 [main] WARN  i.g.b.wdm.versions.VersionDetector - Exception reading https://chromedriver.storage.googleapis.com/LATEST_RELEASE_115 to get latest version of chromedriver (Error HTTP 404 executing https://chromedriver.storage.googleapis.com/LATEST_RELEASE_115)
2023-08-25 14:34:52,606 [main] INFO  i.g.bonigarcia.wdm.WebDriverManager - Exporting webdriver.chrome.driver as C:\Users\Francisca Valenzuela\.cache\selenium\chromedriver\win32\114.0.5735.90\chromedriver.exe
2023-08-25 14:37:14,776 [main] ERROR i.g.bonigarcia.wdm.online.HttpClient - Error HTTP 404 executing https://chromedriver.storage.googleapis.com/LATEST_RELEASE_115
2023-08-25 14:37:14,778 [main] WARN  i.g.b.wdm.versions.VersionDetector - Exception reading https://chromedriver.storage.googleapis.com/LATEST_RELEASE_115 to get latest version of chromedriver (Error HTTP 404 executing https://chromedriver.storage.googleapis.com/LATEST_RELEASE_115)
2023-08-25 14:37:14,862 [main] INFO  i.g.bonigarcia.wdm.WebDriverManager - Exporting webdriver.chrome.driver as C:\Users\Francisca Valenzuela\.cache\selenium\chromedriver\win32\114.0.5735.90\chromedriver.exe
2023-08-29 21:32:14,884 [main] ERROR i.g.bonigarcia.wdm.online.HttpClient - Error HTTP 404 executing https://chromedriver.storage.googleapis.com/LATEST_RELEASE_116
2023-08-29 21:32:14,887 [main] WARN  i.g.b.wdm.versions.VersionDetector - Exception reading https://chromedriver.storage.googleapis.com/LATEST_RELEASE_116 to get latest version of chromedriver (Error HTTP 404 executing https://chromedriver.storage.googleapis.com/LATEST_RELEASE_116)
2023-08-29 21:32:15,106 [main] INFO  i.g.bonigarcia.wdm.WebDriverManager - Exporting webdriver.chrome.driver as C:\Users\Francisca Valenzuela\.cache\selenium\chromedriver\win32\114.0.5735.90\chromedriver.exe
2023-08-29 21:33:32,469 [main] INFO  i.g.bonigarcia.wdm.WebDriverManager - Using chromedriver 116.0.5845.96 (resolved driver for Chrome 116)
2023-08-29 21:33:32,491 [main] INFO  i.g.bonigarcia.wdm.WebDriverManager - Reading https://chromedriver.storage.googleapis.com/ to seek chromedriver
2023-08-29 21:33:33,078 [main] INFO  i.g.bonigarcia.wdm.online.Downloader - Downloading https://edgedl.me.gvt1.com/edgedl/chrome/chrome-for-testing/116.0.5845.96/win64/chromedriver-win64.zip
2023-08-29 21:33:34,008 [main] INFO  i.g.bonigarcia.wdm.online.Downloader - Extracting driver from compressed file chromedriver-win64.zip
2023-08-29 21:33:34,202 [main] INFO  i.g.bonigarcia.wdm.WebDriverManager - Exporting webdriver.chrome.driver as C:\Users\Francisca Valenzuela\.cache\selenium\chromedriver\win64\116.0.5845.96\chromedriver.exe
2023-08-29 21:45:14,450 [main] INFO  i.g.bonigarcia.wdm.WebDriverManager - Using chromedriver 116.0.5845.96 (resolved driver for Chrome 116)
2023-08-29 21:45:14,465 [main] INFO  i.g.bonigarcia.wdm.WebDriverManager - Exporting webdriver.chrome.driver as C:\Users\Francisca Valenzuela\.cache\selenium\chromedriver\win64\116.0.5845.96\chromedriver.exe
2023-08-29 21:55:03,898 [main] INFO  i.g.bonigarcia.wdm.WebDriverManager - Using chromedriver 116.0.5845.96 (resolved driver for Chrome 116)
2023-08-29 21:55:03,913 [main] INFO  i.g.bonigarcia.wdm.WebDriverManager - Exporting webdriver.chrome.driver as C:\Users\Francisca Valenzuela\.cache\selenium\chromedriver\win64\116.0.5845.96\chromedriver.exe
2023-08-29 21:57:16,553 [main] INFO  i.g.bonigarcia.wdm.WebDriverManager - Using chromedriver 116.0.5845.96 (resolved driver for Chrome 116)
2023-08-29 21:57:16,569 [main] INFO  i.g.bonigarcia.wdm.WebDriverManager - Exporting webdriver.chrome.driver as C:\Users\Francisca Valenzuela\.cache\selenium\chromedriver\win64\116.0.5845.96\chromedriver.exe
2023-08-29 22:00:19,080 [main] INFO  i.g.bonigarcia.wdm.WebDriverManager - Using chromedriver 116.0.5845.96 (resolved driver for Chrome 116)
2023-08-29 22:00:19,097 [main] INFO  i.g.bonigarcia.wdm.WebDriverManager - Exporting webdriver.chrome.driver as C:\Users\Francisca Valenzuela\.cache\selenium\chromedriver\win64\116.0.5845.96\chromedriver.exe
2023-08-29 22:09:25,902 [main] INFO  i.g.bonigarcia.wdm.WebDriverManager - Using chromedriver 116.0.5845.96 (resolved driver for Chrome 116)
2023-08-29 22:09:25,917 [main] INFO  i.g.bonigarcia.wdm.WebDriverManager - Exporting webdriver.chrome.driver as C:\Users\Francisca Valenzuela\.cache\selenium\chromedriver\win64\116.0.5845.96\chromedriver.exe
2023-08-29 22:16:49,040 [main] INFO  i.g.bonigarcia.wdm.WebDriverManager - Using chromedriver 116.0.5845.96 (resolved driver for Chrome 116)
2023-08-29 22:16:49,056 [main] INFO  i.g.bonigarcia.wdm.WebDriverManager - Exporting webdriver.chrome.driver as C:\Users\Francisca Valenzuela\.cache\selenium\chromedriver\win64\116.0.5845.96\chromedriver.exe
2023-08-29 22:27:08,740 [main] INFO  i.g.bonigarcia.wdm.WebDriverManager - Using chromedriver 116.0.5845.96 (resolved driver for Chrome 116)
2023-08-29 22:27:08,757 [main] INFO  i.g.bonigarcia.wdm.WebDriverManager - Exporting webdriver.chrome.driver as C:\Users\Francisca Valenzuela\.cache\selenium\chromedriver\win64\116.0.5845.96\chromedriver.exe
2023-08-29 22:31:29,418 [main] INFO  i.g.bonigarcia.wdm.WebDriverManager - Using chromedriver 116.0.5845.96 (resolved driver for Chrome 116)
2023-08-29 22:31:29,435 [main] INFO  i.g.bonigarcia.wdm.WebDriverManager - Exporting webdriver.chrome.driver as C:\Users\Francisca Valenzuela\.cache\selenium\chromedriver\win64\116.0.5845.96\chromedriver.exe
2023-08-29 22:35:51,334 [main] INFO  i.g.bonigarcia.wdm.WebDriverManager - Using chromedriver 116.0.5845.96 (resolved driver for Chrome 116)
2023-08-29 22:35:51,346 [main] INFO  i.g.bonigarcia.wdm.WebDriverManager - Exporting webdriver.chrome.driver as C:\Users\Francisca Valenzuela\.cache\selenium\chromedriver\win64\116.0.5845.96\chromedriver.exe
2023-08-29 22:43:09,023 [main] INFO  i.g.bonigarcia.wdm.WebDriverManager - Using chromedriver 116.0.5845.96 (resolved driver for Chrome 116)
2023-08-29 22:43:09,038 [main] INFO  i.g.bonigarcia.wdm.WebDriverManager - Exporting webdriver.chrome.driver as C:\Users\Francisca Valenzuela\.cache\selenium\chromedriver\win64\116.0.5845.96\chromedriver.exe
2023-08-29 22:46:14,023 [main] INFO  i.g.bonigarcia.wdm.WebDriverManager - Using chromedriver 116.0.5845.96 (resolved driver for Chrome 116)
2023-08-29 22:46:14,040 [main] INFO  i.g.bonigarcia.wdm.WebDriverManager - Exporting webdriver.chrome.driver as C:\Users\Francisca Valenzuela\.cache\selenium\chromedriver\win64\116.0.5845.96\chromedriver.exe
2023-08-29 22:48:10,726 [main] INFO  i.g.bonigarcia.wdm.WebDriverManager - Using chromedriver 116.0.5845.96 (resolved driver for Chrome 116)
2023-08-29 22:48:10,742 [main] INFO  i.g.bonigarcia.wdm.WebDriverManager - Exporting webdriver.chrome.driver as C:\Users\Francisca Valenzuela\.cache\selenium\chromedriver\win64\116.0.5845.96\chromedriver.exe
2023-08-29 22:50:50,164 [main] INFO  i.g.bonigarcia.wdm.WebDriverManager - Using chromedriver 116.0.5845.96 (resolved driver for Chrome 116)
2023-08-29 22:50:50,180 [main] INFO  i.g.bonigarcia.wdm.WebDriverManager - Exporting webdriver.chrome.driver as C:\Users\Francisca Valenzuela\.cache\selenium\chromedriver\win64\116.0.5845.96\chromedriver.exe
2023-08-29 22:51:40,227 [main] INFO  i.g.bonigarcia.wdm.WebDriverManager - Using chromedriver 116.0.5845.96 (resolved driver for Chrome 116)
2023-08-29 22:51:40,242 [main] INFO  i.g.bonigarcia.wdm.WebDriverManager - Exporting webdriver.chrome.driver as C:\Users\Francisca Valenzuela\.cache\selenium\chromedriver\win64\116.0.5845.96\chromedriver.exe
2023-08-29 22:52:32,492 [main] INFO  i.g.bonigarcia.wdm.WebDriverManager - Using chromedriver 116.0.5845.96 (resolved driver for Chrome 116)
2023-08-29 22:52:32,510 [main] INFO  i.g.bonigarcia.wdm.WebDriverManager - Exporting webdriver.chrome.driver as C:\Users\Francisca Valenzuela\.cache\selenium\chromedriver\win64\116.0.5845.96\chromedriver.exe
2023-08-29 22:56:23,678 [main] INFO  i.g.bonigarcia.wdm.WebDriverManager - Using chromedriver 116.0.5845.96 (resolved driver for Chrome 116)
2023-08-29 22:56:23,694 [main] INFO  i.g.bonigarcia.wdm.WebDriverManager - Exporting webdriver.chrome.driver as C:\Users\Francisca Valenzuela\.cache\selenium\chromedriver\win64\116.0.5845.96\chromedriver.exe
2023-08-29 22:59:53,351 [main] INFO  i.g.bonigarcia.wdm.WebDriverManager - Using chromedriver 116.0.5845.96 (resolved driver for Chrome 116)
2023-08-29 22:59:53,366 [main] INFO  i.g.bonigarcia.wdm.WebDriverManager - Exporting webdriver.chrome.driver as C:\Users\Francisca Valenzuela\.cache\selenium\chromedriver\win64\116.0.5845.96\chromedriver.exe
2023-08-29 23:06:43,836 [main] INFO  i.g.bonigarcia.wdm.WebDriverManager - Using chromedriver 116.0.5845.96 (resolved driver for Chrome 116)
2023-08-29 23:06:43,852 [main] INFO  i.g.bonigarcia.wdm.WebDriverManager - Exporting webdriver.chrome.driver as C:\Users\Francisca Valenzuela\.cache\selenium\chromedriver\win64\116.0.5845.96\chromedriver.exe
2023-08-29 23:09:24,946 [main] INFO  i.g.bonigarcia.wdm.WebDriverManager - Using chromedriver 116.0.5845.96 (resolved driver for Chrome 116)
2023-08-29 23:09:24,964 [main] INFO  i.g.bonigarcia.wdm.WebDriverManager - Exporting webdriver.chrome.driver as C:\Users\Francisca Valenzuela\.cache\selenium\chromedriver\win64\116.0.5845.96\chromedriver.exe
2023-08-29 23:12:19,036 [main] INFO  i.g.bonigarcia.wdm.WebDriverManager - Using chromedriver 116.0.5845.96 (resolved driver for Chrome 116)
2023-08-29 23:12:19,052 [main] INFO  i.g.bonigarcia.wdm.WebDriverManager - Exporting webdriver.chrome.driver as C:\Users\Francisca Valenzuela\.cache\selenium\chromedriver\win64\116.0.5845.96\chromedriver.exe
2023-08-29 23:12:31,942 [main] INFO  i.g.bonigarcia.wdm.WebDriverManager - Using chromedriver 116.0.5845.96 (resolved driver for Chrome 116)
2023-08-29 23:12:31,958 [main] INFO  i.g.bonigarcia.wdm.WebDriverManager - Exporting webdriver.chrome.driver as C:\Users\Francisca Valenzuela\.cache\selenium\chromedriver\win64\116.0.5845.96\chromedriver.exe
2023-08-29 23:14:13,932 [main] INFO  i.g.bonigarcia.wdm.WebDriverManager - Using chromedriver 116.0.5845.96 (resolved driver for Chrome 116)
2023-08-29 23:14:13,949 [main] INFO  i.g.bonigarcia.wdm.WebDriverManager - Exporting webdriver.chrome.driver as C:\Users\Francisca Valenzuela\.cache\selenium\chromedriver\win64\116.0.5845.96\chromedriver.exe
2023-08-29 23:15:33,442 [main] INFO  i.g.bonigarcia.wdm.WebDriverManager - Using chromedriver 116.0.5845.96 (resolved driver for Chrome 116)
2023-08-29 23:15:33,457 [main] INFO  i.g.bonigarcia.wdm.WebDriverManager - Exporting webdriver.chrome.driver as C:\Users\Francisca Valenzuela\.cache\selenium\chromedriver\win64\116.0.5845.96\chromedriver.exe
2023-08-29 23:25:33,077 [main] INFO  i.g.bonigarcia.wdm.WebDriverManager - Using chromedriver 116.0.5845.96 (resolved driver for Chrome 116)
2023-08-29 23:25:33,096 [main] INFO  i.g.bonigarcia.wdm.WebDriverManager - Exporting webdriver.chrome.driver as C:\Users\Francisca Valenzuela\.cache\selenium\chromedriver\win64\116.0.5845.96\chromedriver.exe
2023-08-29 23:47:17,298 [main] INFO  i.g.bonigarcia.wdm.WebDriverManager - Using chromedriver 116.0.5845.96 (resolved driver for Chrome 116)
2023-08-29 23:47:17,313 [main] INFO  i.g.bonigarcia.wdm.WebDriverManager - Exporting webdriver.chrome.driver as C:\Users\Francisca Valenzuela\.cache\selenium\chromedriver\win64\116.0.5845.96\chromedriver.exe
2023-08-29 23:47:55,920 [main] INFO  i.g.bonigarcia.wdm.WebDriverManager - Using chromedriver 116.0.5845.96 (resolved driver for Chrome 116)
2023-08-29 23:47:55,938 [main] INFO  i.g.bonigarcia.wdm.WebDriverManager - Exporting webdriver.chrome.driver as C:\Users\Francisca Valenzuela\.cache\selenium\chromedriver\win64\116.0.5845.96\chromedriver.exe
2023-08-29 23:57:08,718 [main] INFO  i.g.bonigarcia.wdm.WebDriverManager - Using chromedriver 116.0.5845.96 (resolved driver for Chrome 116)
2023-08-29 23:57:08,737 [main] INFO  i.g.bonigarcia.wdm.WebDriverManager - Exporting webdriver.chrome.driver as C:\Users\Francisca Valenzuela\.cache\selenium\chromedriver\win64\116.0.5845.96\chromedriver.exe
2023-08-29 23:59:49,577 [main] INFO  i.g.bonigarcia.wdm.WebDriverManager - Using chromedriver 116.0.5845.96 (resolved driver for Chrome 116)
2023-08-29 23:59:49,597 [main] INFO  i.g.bonigarcia.wdm.WebDriverManager - Exporting webdriver.chrome.driver as C:\Users\Francisca Valenzuela\.cache\selenium\chromedriver\win64\116.0.5845.96\chromedriver.exe
2023-08-30 00:02:05,292 [main] INFO  i.g.bonigarcia.wdm.WebDriverManager - Using chromedriver 116.0.5845.96 (resolved driver for Chrome 116)
2023-08-30 00:02:05,311 [main] INFO  i.g.bonigarcia.wdm.WebDriverManager - Exporting webdriver.chrome.driver as C:\Users\Francisca Valenzuela\.cache\selenium\chromedriver\win64\116.0.5845.96\chromedriver.exe
2023-08-30 00:03:15,850 [main] INFO  i.g.bonigarcia.wdm.WebDriverManager - Using chromedriver 116.0.5845.96 (resolved driver for Chrome 116)
2023-08-30 00:03:15,865 [main] INFO  i.g.bonigarcia.wdm.WebDriverManager - Exporting webdriver.chrome.driver as C:\Users\Francisca Valenzuela\.cache\selenium\chromedriver\win64\116.0.5845.96\chromedriver.exe
2023-08-30 00:04:06,416 [main] INFO  i.g.bonigarcia.wdm.WebDriverManager - Using chromedriver 116.0.5845.96 (resolved driver for Chrome 116)
2023-08-30 00:04:06,432 [main] INFO  i.g.bonigarcia.wdm.WebDriverManager - Exporting webdriver.chrome.driver as C:\Users\Francisca Valenzuela\.cache\selenium\chromedriver\win64\116.0.5845.96\chromedriver.exe
2023-08-30 00:06:12,116 [main] INFO  i.g.bonigarcia.wdm.WebDriverManager - Using chromedriver 116.0.5845.96 (resolved driver for Chrome 116)
2023-08-30 00:06:12,132 [main] INFO  i.g.bonigarcia.wdm.WebDriverManager - Exporting webdriver.chrome.driver as C:\Users\Francisca Valenzuela\.cache\selenium\chromedriver\win64\116.0.5845.96\chromedriver.exe
